{"id":"match_7aee5c6aa753a33e_e1","type":"dodge","timestamp":"2026-05-25T06:36:35.407231Z","match_id":"match_7aee5c6aa753a33e","payload":{"player_id":"bot_4942cc49"}}
{"id":"match_704cbb3088b8160f_e1","type":"critical_hit","timestamp":"2026-05-25T06:36:35.407542Z","match_id":"match_704cbb3088b8160f","payload":{"attacker":"bot_7a73c5b9","damage":10,"target":"bot_7a73c5b9","target_hp":90}}
{"id":"match_704cbb3088b8160f_e2","type":"powerup_spawn","timestamp":"2026-05-25T06:36:35.407623Z","match_id":"match_704cbb3088b8160f","payload":{"player_id":"bot_7a73c5b9"}}
{"id":"match_ef759cd7b04b13de_e1","type":"hit","timestamp":"2026-05-25T06:36:35.40763Z","match_id":"match_ef759cd7b04b13de","payload":{"attacker":"bot_a35b289b","damage":12,"target":"bot_a35b289b","target_hp":88}}
{"id":"match_ef759cd7b04b13de_e2","type":"hit","timestamp":"2026-05-25T06:36:35.407633Z","match_id":"match_ef759cd7b04b13de","payload":{"attacker":"bot_a35b289b","damage":14,"target":"bot_a35b289b","target_hp":74}}
{"id":"match_4992e263579a3c04_e1","type":"critical_hit","timestamp":"2026-05-25T06:36:35.407694Z","match_id":"match_4992e263579a3c04","payload":{"attacker":"bot_d423ad19","damage":24,"target":"bot_d423ad19","target_hp":76}}
{"id":"match_4992e263579a3c04_e2","type":"dodge","timestamp":"2026-05-25T06:36:35.407697Z","match_id":"match_4992e263579a3c04","payload":{"player_id":"bot_d423ad19"}}
{"id":"match_53ce7a928596bfa4_e1","type":"dodge","timestamp":"2026-05-25T06:36:35.407703Z","match_id":"match_53ce7a928596bfa4","payload":{"player_id":"bot_5237c72e"}}
{"id":"match_4992e263579a3c04_e3","type":"hit","timestamp":"2026-05-25T06:36:35.607178Z","match_id":"match_4992e263579a3c04","payload":{"attacker":"bot_d423ad19","damage":10,"target":"bot_d423ad19","target_hp":66}}
{"id":"match_4992e263579a3c04_e4","type":"dodge","timestamp":"2026-05-25T06:36:35.60718Z","match_id":"match_4992e263579a3c04","payload":{"player_id":"bot_d423ad19"}}
{"id":"match_53ce7a928596bfa4_e2","type":"hit","timestamp":"2026-05-25T06:36:35.607204Z","match_id":"match_53ce7a928596bfa4","payload":{"attacker":"bot_5237c72e","damage":6,"target":"bot_5237c72e","target_hp":94}}
{"id":"match_53ce7a928596bfa4_e3","type":"dodge","timestamp":"2026-05-25T06:36:35.607206Z","match_id":"match_53ce7a928596bfa4","payload":{"player_id":"bot_5237c72e"}}
{"id":"match_7aee5c6aa753a33e_e2","type":"dodge","timestamp":"2026-05-25T06:36:35.607212Z","match_id":"match_7aee5c6aa753a33e","payload":{"player_id":"bot_4942cc49"}}
{"id":"match_4992e263579a3c04_e5","type":"powerup_spawn","timestamp":"2026-05-25T06:36:35.807232Z","match_id":"match_4992e263579a3c04","payload":{"player_id":"bot_d423ad19"}}
{"id":"match_4992e263579a3c04_e6","type":"powerup_spawn","timestamp":"2026-05-25T06:36:35.807237Z","match_id":"match_4992e263579a3c04","payload":{"player_id":"bot_d423ad19"}}
{"id":"match_53ce7a928596bfa4_e4","type":"powerup_spawn","timestamp":"2026-05-25T06:36:35.807285Z","match_id":"match_53ce7a928596bfa4","payload":{"player_id":"bot_5237c72e"}}
{"id":"match_7aee5c6aa753a33e_e3","type":"hit","timestamp":"2026-05-25T06:36:35.807355Z","match_id":"match_7aee5c6aa753a33e","payload":{"attacker":"bot_4942cc49","damage":11,"target":"bot_4942cc49","target_hp":89}}
{"id":"match_7aee5c6aa753a33e_e4","type":"hit","timestamp":"2026-05-25T06:36:35.807356Z","match_id":"match_7aee5c6aa753a33e","payload":{"attacker":"bot_4942cc49","damage":13,"target":"bot_4942cc49","target_hp":76}}
{"id":"match_ef759cd7b04b13de_e3","type":"hit","timestamp":"2026-05-25T06:36:35.807367Z","match_id":"match_ef759cd7b04b13de","payload":{"attacker":"bot_a35b289b","damage":7,"target":"bot_a35b289b","target_hp":67}}
{"id":"match_ef759cd7b04b13de_e4","type":"hit","timestamp":"2026-05-25T06:36:35.807367Z","match_id":"match_ef759cd7b04b13de","payload":{"attacker":"bot_a35b289b","damage":8,"target":"bot_a35b289b","target_hp":59}}
{"id":"match_704cbb3088b8160f_e3","type":"hit","timestamp":"2026-05-25T06:36:35.807385Z","match_id":"match_704cbb3088b8160f","payload":{"attacker":"bot_7a73c5b9","damage":12,"target":"bot_7a73c5b9","target_hp":78}}
{"id":"match_704cbb3088b8160f_e4","type":"hit","timestamp":"2026-05-25T06:36:35.807388Z","match_id":"match_704cbb3088b8160f","payload":{"attacker":"bot_7a73c5b9","damage":5,"target":"bot_7a73c5b9","target_hp":73}}
{"id":"match_7aee5c6aa753a33e_e5","type":"hit","timestamp":"2026-05-25T06:36:36.007208Z","match_id":"match_7aee5c6aa753a33e","payload":{"attacker":"bot_4942cc49","damage":6,"target":"bot_4942cc49","target_hp":70}}
{"id":"match_7aee5c6aa753a33e_e6","type":"powerup_spawn","timestamp":"2026-05-25T06:36:36.007212Z","match_id":"match_7aee5c6aa753a33e","payload":{"player_id":"bot_4942cc49"}}
{"id":"match_704cbb3088b8160f_e5","type":"hit","timestamp":"2026-05-25T06:36:36.007292Z","match_id":"match_704cbb3088b8160f","payload":{"attacker":"bot_7a73c5b9","damage":10,"target":"bot_7a73c5b9","target_hp":63}}
{"id":"match_704cbb3088b8160f_e6","type":"hit","timestamp":"2026-05-25T06:36:36.007294Z","match_id":"match_704cbb3088b8160f","payload":{"attacker":"bot_7a73c5b9","damage":11,"target":"bot_7a73c5b9","target_hp":52}}
{"id":"match_ef759cd7b04b13de_e5","type":"powerup_spawn","timestamp":"2026-05-25T06:36:36.007297Z","match_id":"match_ef759cd7b04b13de","payload":{"player_id":"bot_a35b289b"}}
{"id":"match_4992e263579a3c04_e7","type":"dodge","timestamp":"2026-05-25T06:36:36.007378Z","match_id":"match_4992e263579a3c04","payload":{"player_id":"bot_d423ad19"}}
{"id":"match_53ce7a928596bfa4_e5","type":"hit","timestamp":"2026-05-25T06:36:36.007382Z","match_id":"match_53ce7a928596bfa4","payload":{"attacker":"bot_5237c72e","damage":6,"target":"bot_5237c72e","target_hp":88}}
{"id":"match_704cbb3088b8160f_e7","type":"hit","timestamp":"2026-05-25T06:36:36.206817Z","match_id":"match_704cbb3088b8160f","payload":{"attacker":"bot_7a73c5b9","damage":15,"target":"bot_7a73c5b9","target_hp":37}}
{"id":"match_4992e263579a3c04_e8","type":"hit","timestamp":"2026-05-25T06:36:36.206833Z","match_id":"match_4992e263579a3c04","payload":{"attacker":"bot_d423ad19","damage":14,"target":"bot_d423ad19","target_hp":52}}
{"id":"match_53ce7a928596bfa4_e6","type":"hit","timestamp":"2026-05-25T06:36:36.206838Z","match_id":"match_53ce7a928596bfa4","payload":{"attacker":"bot_5237c72e","damage":15,"target":"bot_5237c72e","target_hp":73}}
{"id":"match_53ce7a928596bfa4_e7","type":"dodge","timestamp":"2026-05-25T06:36:36.206839Z","match_id":"match_53ce7a928596bfa4","payload":{"player_id":"bot_5237c72e"}}
{"id":"match_ef759cd7b04b13de_e6","type":"powerup_spawn","timestamp":"2026-05-25T06:36:36.206855Z","match_id":"match_ef759cd7b04b13de","payload":{"player_id":"bot_a35b289b"}}
{"id":"match_ef759cd7b04b13de_e7","type":"dodge","timestamp":"2026-05-25T06:36:36.206857Z","match_id":"match_ef759cd7b04b13de","payload":{"player_id":"bot_a35b289b"}}
{"id":"match_7aee5c6aa753a33e_e7","type":"hit","timestamp":"2026-05-25T06:36:36.206867Z","match_id":"match_7aee5c6aa753a33e","payload":{"attacker":"bot_4942cc49","damage":11,"target":"bot_4942cc49","target_hp":59}}
{"id":"match_4992e263579a3c04_e9","type":"critical_hit","timestamp":"2026-05-25T06:36:36.407249Z","match_id":"match_4992e263579a3c04","payload":{"attacker":"bot_d423ad19","damage":22,"target":"bot_d423ad19","target_hp":30}}
{"id":"match_53ce7a928596bfa4_e8","type":"dodge","timestamp":"2026-05-25T06:36:36.407296Z","match_id":"match_53ce7a928596bfa4","payload":{"player_id":"bot_5237c72e"}}
{"id":"match_704cbb3088b8160f_e8","type":"dodge","timestamp":"2026-05-25T06:36:36.4074Z","match_id":"match_704cbb3088b8160f","payload":{"player_id":"bot_7a73c5b9"}}
{"id":"match_ef759cd7b04b13de_e8","type":"hit","timestamp":"2026-05-25T06:36:36.407657Z","match_id":"match_ef759cd7b04b13de","payload":{"attacker":"bot_a35b289b","damage":13,"target":"bot_a35b289b","target_hp":46}}
{"id":"match_ef759cd7b04b13de_e9","type":"hit","timestamp":"2026-05-25T06:36:36.407659Z","match_id":"match_ef759cd7b04b13de","payload":{"attacker":"bot_a35b289b","damage":13,"target":"bot_a35b289b","target_hp":33}}
{"id":"match_7aee5c6aa753a33e_e8","type":"hit","timestamp":"2026-05-25T06:36:36.407733Z","match_id":"match_7aee5c6aa753a33e","payload":{"attacker":"bot_4942cc49","damage":9,"target":"bot_4942cc49","target_hp":50}}
{"id":"match_7aee5c6aa753a33e_e9","type":"dodge","timestamp":"2026-05-25T06:36:36.407735Z","match_id":"match_7aee5c6aa753a33e","payload":{"player_id":"bot_4942cc49"}}
{"id":"match_704cbb3088b8160f_e9","type":"hit","timestamp":"2026-05-25T06:36:36.60723Z","match_id":"match_704cbb3088b8160f","payload":{"attacker":"bot_7a73c5b9","damage":10,"target":"bot_7a73c5b9","target_hp":27}}
{"id":"match_704cbb3088b8160f_e10","type":"hit","timestamp":"2026-05-25T06:36:36.607237Z","match_id":"match_704cbb3088b8160f","payload":{"attacker":"bot_7a73c5b9","damage":13,"target":"bot_7a73c5b9","target_hp":14}}
{"id":"match_ef759cd7b04b13de_e10","type":"hit","timestamp":"2026-05-25T06:36:36.612198Z","match_id":"match_ef759cd7b04b13de","payload":{"attacker":"bot_a35b289b","damage":14,"target":"bot_a35b289b","target_hp":19}}
{"id":"match_53ce7a928596bfa4_e9","type":"hit","timestamp":"2026-05-25T06:36:36.612646Z","match_id":"match_53ce7a928596bfa4","payload":{"attacker":"bot_5237c72e","damage":6,"target":"bot_5237c72e","target_hp":67}}
{"id":"match_7aee5c6aa753a33e_e10","type":"hit","timestamp":"2026-05-25T06:36:36.613503Z","match_id":"match_7aee5c6aa753a33e","payload":{"attacker":"bot_4942cc49","damage":13,"target":"bot_4942cc49","target_hp":37}}
{"id":"match_53ce7a928596bfa4_e10","type":"critical_hit","timestamp":"2026-05-25T06:36:36.806235Z","match_id":"match_53ce7a928596bfa4","payload":{"attacker":"bot_5237c72e","damage":10,"target":"bot_5237c72e","target_hp":57}}
{"id":"match_53ce7a928596bfa4_e11","type":"dodge","timestamp":"2026-05-25T06:36:36.806237Z","match_id":"match_53ce7a928596bfa4","payload":{"player_id":"bot_5237c72e"}}
{"id":"match_4992e263579a3c04_e10","type":"critical_hit","timestamp":"2026-05-25T06:36:36.80624Z","match_id":"match_4992e263579a3c04","payload":{"attacker":"bot_d423ad19","damage":16,"target":"bot_d423ad19","target_hp":14}}
{"id":"match_7aee5c6aa753a33e_e11","type":"powerup_spawn","timestamp":"2026-05-25T06:36:36.806266Z","match_id":"match_7aee5c6aa753a33e","payload":{"player_id":"bot_4942cc49"}}
{"id":"match_7aee5c6aa753a33e_e12","type":"hit","timestamp":"2026-05-25T06:36:36.806267Z","match_id":"match_7aee5c6aa753a33e","payload":{"attacker":"bot_4942cc49","damage":7,"target":"bot_4942cc49","target_hp":30}}
{"id":"match_704cbb3088b8160f_e11","type":"hit","timestamp":"2026-05-25T06:36:36.806285Z","match_id":"match_704cbb3088b8160f","payload":{"attacker":"bot_7a73c5b9","damage":10,"target":"bot_7a73c5b9","target_hp":4}}
{"id":"match_704cbb3088b8160f_e12","type":"powerup_spawn","timestamp":"2026-05-25T06:36:36.806287Z","match_id":"match_704cbb3088b8160f","payload":{"player_id":"bot_7a73c5b9"}}
{"id":"match_ef759cd7b04b13de_e11","type":"dodge","timestamp":"2026-05-25T06:36:36.806288Z","match_id":"match_ef759cd7b04b13de","payload":{"player_id":"bot_a35b289b"}}
{"id":"match_7aee5c6aa753a33e_e13","type":"dodge","timestamp":"2026-05-25T06:36:37.007167Z","match_id":"match_7aee5c6aa753a33e","payload":{"player_id":"bot_4942cc49"}}
{"id":"match_704cbb3088b8160f_e13","type":"hit","timestamp":"2026-05-25T06:36:37.0072Z","match_id":"match_704cbb3088b8160f","payload":{"attacker":"bot_7a73c5b9","damage":8,"target":"bot_7a73c5b9","target_hp":0}}
{"id":"match_704cbb3088b8160f_e14","type":"match_end","timestamp":"2026-05-25T06:36:37.007201Z","match_id":"match_704cbb3088b8160f","payload":{"loser":"bot_7a73c5b9","winner":"bot_7a73c5b9"}}
{"id":"match_ef759cd7b04b13de_e12","type":"critical_hit","timestamp":"2026-05-25T06:36:37.007206Z","match_id":"match_ef759cd7b04b13de","payload":{"attacker":"bot_a35b289b","damage":18,"target":"bot_a35b289b","target_hp":1}}
{"id":"match_4992e263579a3c04_e11","type":"critical_hit","timestamp":"2026-05-25T06:36:37.007238Z","match_id":"match_4992e263579a3c04","payload":{"attacker":"bot_d423ad19","damage":12,"target":"bot_d423ad19","target_hp":2}}
{"id":"match_53ce7a928596bfa4_e12","type":"hit","timestamp":"2026-05-25T06:36:37.007239Z","match_id":"match_53ce7a928596bfa4","payload":{"attacker":"bot_5237c72e","damage":10,"target":"bot_5237c72e","target_hp":47}}
{"id":"match_4992e263579a3c04_e12","type":"critical_hit","timestamp":"2026-05-25T06:36:37.207252Z","match_id":"match_4992e263579a3c04","payload":{"attacker":"bot_d423ad19","damage":22,"target":"bot_d423ad19","target_hp":0}}
{"id":"match_4992e263579a3c04_e13","type":"match_end","timestamp":"2026-05-25T06:36:37.207256Z","match_id":"match_4992e263579a3c04","payload":{"loser":"bot_d423ad19","winner":"bot_d423ad19"}}
{"id":"match_53ce7a928596bfa4_e13","type":"hit","timestamp":"2026-05-25T06:36:37.207257Z","match_id":"match_53ce7a928596bfa4","payload":{"attacker":"bot_5237c72e","damage":8,"target":"bot_5237c72e","target_hp":39}}
{"id":"match_53ce7a928596bfa4_e14","type":"dodge","timestamp":"2026-05-25T06:36:37.207261Z","match_id":"match_53ce7a928596bfa4","payload":{"player_id":"bot_5237c72e"}}
{"id":"match_7aee5c6aa753a33e_e14","type":"critical_hit","timestamp":"2026-05-25T06:36:37.207272Z","match_id":"match_7aee5c6aa753a33e","payload":{"attacker":"bot_4942cc49","damage":10,"target":"bot_4942cc49","target_hp":20}}
{"id":"match_ef759cd7b04b13de_e13","type":"critical_hit","timestamp":"2026-05-25T06:36:37.407176Z","match_id":"match_ef759cd7b04b13de","payload":{"attacker":"bot_a35b289b","damage":16,"target":"bot_a35b289b","target_hp":0}}
{"id":"match_ef759cd7b04b13de_e14","type":"match_end","timestamp":"2026-05-25T06:36:37.407178Z","match_id":"match_ef759cd7b04b13de","payload":{"loser":"bot_a35b289b","winner":"bot_a35b289b"}}
{"id":"match_7aee5c6aa753a33e_e15","type":"critical_hit","timestamp":"2026-05-25T06:36:37.407201Z","match_id":"match_7aee5c6aa753a33e","payload":{"attacker":"bot_4942cc49","damage":10,"target":"bot_4942cc49","target_hp":10}}
{"id":"match_7aee5c6aa753a33e_e16","type":"hit","timestamp":"2026-05-25T06:36:37.407202Z","match_id":"match_7aee5c6aa753a33e","payload":{"attacker":"bot_4942cc49","damage":13,"target":"bot_4942cc49","target_hp":0}}
{"id":"match_7aee5c6aa753a33e_e17","type":"match_end","timestamp":"2026-05-25T06:36:37.407202Z","match_id":"match_7aee5c6aa753a33e","payload":{"loser":"bot_4942cc49","winner":"bot_4942cc49"}}
{"id":"match_53ce7a928596bfa4_e15","type":"hit","timestamp":"2026-05-25T06:36:37.407227Z","match_id":"match_53ce7a928596bfa4","payload":{"attacker":"bot_5237c72e","damage":12,"target":"bot_5237c72e","target_hp":27}}
{"id":"match_53ce7a928596bfa4_e16","type":"dodge","timestamp":"2026-05-25T06:36:37.407227Z","match_id":"match_53ce7a928596bfa4","payload":{"player_id":"bot_5237c72e"}}
{"id":"match_53ce7a928596bfa4_e17","type":"powerup_spawn","timestamp":"2026-05-25T06:36:37.607241Z","match_id":"match_53ce7a928596bfa4","payload":{"player_id":"bot_5237c72e"}}
{"id":"match_53ce7a928596bfa4_e18","type":"hit","timestamp":"2026-05-25T06:36:37.807261Z","match_id":"match_53ce7a928596bfa4","payload":{"attacker":"bot_5237c72e","damage":6,"target":"bot_5237c72e","target_hp":21}}
{"id":"match_53ce7a928596bfa4_e19","type":"hit","timestamp":"2026-05-25T06:36:37.807263Z","match_id":"match_53ce7a928596bfa4","payload":{"attacker":"bot_5237c72e","damage":5,"target":"bot_5237c72e","target_hp":16}}
{"id":"match_53ce7a928596bfa4_e20","type":"hit","timestamp":"2026-05-25T06:36:38.007272Z","match_id":"match_53ce7a928596bfa4","payload":{"attacker":"bot_5237c72e","damage":9,"target":"bot_5237c72e","target_hp":7}}
{"id":"match_53ce7a928596bfa4_e21","type":"hit","timestamp":"2026-05-25T06:36:38.207539Z","match_id":"match_53ce7a928596bfa4","payload":{"attacker":"bot_5237c72e","damage":9,"target":"bot_5237c72e","target_hp":0}}
{"id":"match_53ce7a928596bfa4_e22","type":"match_end","timestamp":"2026-05-25T06:36:38.207547Z","match_id":"match_53ce7a928596bfa4","payload":{"loser":"bot_5237c72e","winner":"bot_5237c72e"}}
{"id":"match_36584a902aa88cb6_e1","type":"dodge","timestamp":"2026-05-25T06:37:14.282085Z","match_id":"match_36584a902aa88cb6","payload":{"player_id":"player_crimson_fang_mpku3ae0"}}
{"id":"match_36584a902aa88cb6_e2","type":"dodge","timestamp":"2026-05-25T06:37:14.282099Z","match_id":"match_36584a902aa88cb6","payload":{"player_id":"bot_eaceb9e1"}}
{"id":"match_36584a902aa88cb6_e3","type":"hit","timestamp":"2026-05-25T06:37:14.602792Z","match_id":"match_36584a902aa88cb6","payload":{"attacker":"bot_eaceb9e1","damage":15,"target":"player_crimson_fang_mpku3ae0","target_hp":85}}
{"id":"match_36584a902aa88cb6_e4","type":"dodge","timestamp":"2026-05-25T06:37:14.855353Z","match_id":"match_36584a902aa88cb6","payload":{"player_id":"bot_eaceb9e1"}}
{"id":"match_36584a902aa88cb6_e5","type":"dodge","timestamp":"2026-05-25T06:37:15.451695Z","match_id":"match_36584a902aa88cb6","payload":{"player_id":"bot_eaceb9e1"}}
{"id":"match_36584a902aa88cb6_e6","type":"dodge","timestamp":"2026-05-25T06:37:15.466391Z","match_id":"match_36584a902aa88cb6","payload":{"player_id":"player_crimson_fang_mpku3ae0"}}
{"id":"match_36584a902aa88cb6_e7","type":"hit","timestamp":"2026-05-25T06:37:15.80166Z","match_id":"match_36584a902aa88cb6","payload":{"attacker":"bot_eaceb9e1","damage":9,"target":"player_crimson_fang_mpku3ae0","target_hp":76}}
{"id":"match_36584a902aa88cb6_e8","type":"dodge","timestamp":"2026-05-25T06:37:16.052735Z","match_id":"match_36584a902aa88cb6","payload":{"player_id":"bot_eaceb9e1"}}
{"id":"match_36584a902aa88cb6_e9","type":"dodge","timestamp":"2026-05-25T06:37:16.127219Z","match_id":"match_36584a902aa88cb6","payload":{"player_id":"player_crimson_fang_mpku3ae0"}}
{"id":"match_36584a902aa88cb6_e10","type":"critical_hit","timestamp":"2026-05-25T06:37:16.401875Z","match_id":"match_36584a902aa88cb6","payload":{"attacker":"bot_eaceb9e1","damage":12,"target":"player_crimson_fang_mpku3ae0","target_hp":64}}
{"id":"match_36584a902aa88cb6_e11","type":"hit","timestamp":"2026-05-25T06:37:16.652046Z","match_id":"match_36584a902aa88cb6","payload":{"attacker":"bot_eaceb9e1","damage":5,"target":"player_crimson_fang_mpku3ae0","target_hp":59}}
{"id":"match_36584a902aa88cb6_e12","type":"critical_hit","timestamp":"2026-05-25T06:37:16.731198Z","match_id":"match_36584a902aa88cb6","payload":{"attacker":"player_crimson_fang_mpku3ae0","damage":14,"target":"bot_eaceb9e1","target_hp":86}}
{"id":"match_36584a902aa88cb6_e13","type":"hit","timestamp":"2026-05-25T06:37:16.731203Z","match_id":"match_36584a902aa88cb6","payload":{"attacker":"bot_eaceb9e1","damage":13,"target":"player_crimson_fang_mpku3ae0","target_hp":46}}
{"id":"match_36584a902aa88cb6_e14","type":"hit","timestamp":"2026-05-25T06:37:17.331072Z","match_id":"match_36584a902aa88cb6","payload":{"attacker":"player_crimson_fang_mpku3ae0","damage":11,"target":"bot_eaceb9e1","target_hp":75}}
{"id":"match_36584a902aa88cb6_e15","type":"hit","timestamp":"2026-05-25T06:37:17.331074Z","match_id":"match_36584a902aa88cb6","payload":{"attacker":"bot_eaceb9e1","damage":10,"target":"player_crimson_fang_mpku3ae0","target_hp":36}}
{"id":"match_36584a902aa88cb6_e16","type":"critical_hit","timestamp":"2026-05-25T06:37:17.601245Z","match_id":"match_36584a902aa88cb6","payload":{"attacker":"bot_eaceb9e1","damage":16,"target":"player_crimson_fang_mpku3ae0","target_hp":20}}
{"id":"match_36584a902aa88cb6_e17","type":"critical_hit","timestamp":"2026-05-25T06:37:17.870421Z","match_id":"match_36584a902aa88cb6","payload":{"attacker":"player_crimson_fang_mpku3ae0","damage":18,"target":"bot_eaceb9e1","target_hp":57}}
{"id":"match_36584a902aa88cb6_e18","type":"hit","timestamp":"2026-05-25T06:37:17.870423Z","match_id":"match_36584a902aa88cb6","payload":{"attacker":"bot_eaceb9e1","damage":5,"target":"player_crimson_fang_mpku3ae0","target_hp":15}}
{"id":"match_36584a902aa88cb6_e19","type":"critical_hit","timestamp":"2026-05-25T06:37:18.201635Z","match_id":"match_36584a902aa88cb6","payload":{"attacker":"bot_eaceb9e1","damage":14,"target":"player_crimson_fang_mpku3ae0","target_hp":1}}
{"id":"match_36584a902aa88cb6_e20","type":"dodge","timestamp":"2026-05-25T06:37:18.452683Z","match_id":"match_36584a902aa88cb6","payload":{"player_id":"bot_eaceb9e1"}}
{"id":"match_36584a902aa88cb6_e21","type":"dodge","timestamp":"2026-05-25T06:37:18.515255Z","match_id":"match_36584a902aa88cb6","payload":{"player_id":"player_crimson_fang_mpku3ae0"}}
{"id":"match_36584a902aa88cb6_e22","type":"hit","timestamp":"2026-05-25T06:37:18.801684Z","match_id":"match_36584a902aa88cb6","payload":{"attacker":"bot_eaceb9e1","damage":5,"target":"player_crimson_fang_mpku3ae0","target_hp":0}}
{"id":"match_36584a902aa88cb6_e23","type":"match_end","timestamp":"2026-05-25T06:37:18.801688Z","match_id":"match_36584a902aa88cb6","payload":{"loser":"player_crimson_fang_mpku3ae0","winner":"bot_eaceb9e1"}}
{"id":"match_a854b9aa7ab905d0_e1","type":"dodge","timestamp":"2026-05-25T06:37:23.879383Z","match_id":"match_a854b9aa7ab905d0","payload":{"player_id":"bot_e411615c"}}
{"id":"match_a854b9aa7ab905d0_e2","type":"critical_hit","timestamp":"2026-05-25T06:37:23.879619Z","match_id":"match_a854b9aa7ab905d0","payload":{"attacker":"player_iron_vex_mpku3hp9","damage":24,"target":"bot_e411615c","target_hp":76}}
{"id":"match_a854b9aa7ab905d0_e3","type":"hit","timestamp":"2026-05-25T06:37:23.879623Z","match_id":"match_a854b9aa7ab905d0","payload":{"attacker":"bot_e411615c","damage":13,"target":"player_iron_vex_mpku3hp9","target_hp":87}}
{"id":"match_a854b9aa7ab905d0_e4","type":"critical_hit","timestamp":"2026-05-25T06:37:24.27776Z","match_id":"match_a854b9aa7ab905d0","payload":{"attacker":"bot_e411615c","damage":10,"target":"player_iron_vex_mpku3hp9","target_hp":77}}
{"id":"match_a854b9aa7ab905d0_e5","type":"hit","timestamp":"2026-05-25T06:37:24.487138Z","match_id":"match_a854b9aa7ab905d0","payload":{"attacker":"player_iron_vex_mpku3hp9","damage":15,"target":"bot_e411615c","target_hp":61}}
{"id":"match_a854b9aa7ab905d0_e6","type":"hit","timestamp":"2026-05-25T06:37:24.738193Z","match_id":"match_a854b9aa7ab905d0","payload":{"attacker":"bot_e411615c","damage":7,"target":"player_iron_vex_mpku3hp9","target_hp":70}}
{"id":"match_a854b9aa7ab905d0_e7","type":"critical_hit","timestamp":"2026-05-25T06:37:25.022245Z","match_id":"match_a854b9aa7ab905d0","payload":{"attacker":"player_iron_vex_mpku3hp9","damage":16,"target":"bot_e411615c","target_hp":45}}
{"id":"match_a854b9aa7ab905d0_e8","type":"dodge","timestamp":"2026-05-25T06:37:25.022249Z","match_id":"match_a854b9aa7ab905d0","payload":{"player_id":"bot_e411615c"}}
{"id":"match_a854b9aa7ab905d0_e9","type":"hit","timestamp":"2026-05-25T06:37:25.27684Z","match_id":"match_a854b9aa7ab905d0","payload":{"attacker":"bot_e411615c","damage":10,"target":"player_iron_vex_mpku3hp9","target_hp":60}}
{"id":"match_a854b9aa7ab905d0_e10","type":"hit","timestamp":"2026-05-25T06:37:25.527071Z","match_id":"match_a854b9aa7ab905d0","payload":{"attacker":"bot_e411615c","damage":8,"target":"player_iron_vex_mpku3hp9","target_hp":52}}
{"id":"match_a854b9aa7ab905d0_e11","type":"hit","timestamp":"2026-05-25T06:37:25.558847Z","match_id":"match_a854b9aa7ab905d0","payload":{"attacker":"player_iron_vex_mpku3hp9","damage":13,"target":"bot_e411615c","target_hp":32}}
{"id":"match_a854b9aa7ab905d0_e12","type":"dodge","timestamp":"2026-05-25T06:37:25.558849Z","match_id":"match_a854b9aa7ab905d0","payload":{"player_id":"bot_e411615c"}}
{"id":"match_a854b9aa7ab905d0_e13","type":"dodge","timestamp":"2026-05-25T06:37:25.877489Z","match_id":"match_a854b9aa7ab905d0","payload":{"player_id":"bot_e411615c"}}
{"id":"match_a854b9aa7ab905d0_e14","type":"powerup_spawn","timestamp":"2026-05-25T06:37:26.128419Z","match_id":"match_a854b9aa7ab905d0","payload":{"player_id":"bot_e411615c"}}
{"id":"match_a854b9aa7ab905d0_e15","type":"critical_hit","timestamp":"2026-05-25T06:37:26.324409Z","match_id":"match_a854b9aa7ab905d0","payload":{"attacker":"player_iron_vex_mpku3hp9","damage":10,"target":"bot_e411615c","target_hp":22}}
{"id":"match_a854b9aa7ab905d0_e16","type":"critical_hit","timestamp":"2026-05-25T06:37:26.324411Z","match_id":"match_a854b9aa7ab905d0","payload":{"attacker":"bot_e411615c","damage":28,"target":"player_iron_vex_mpku3hp9","target_hp":24}}
{"id":"match_a854b9aa7ab905d0_e17","type":"dodge","timestamp":"2026-05-25T06:37:26.826549Z","match_id":"match_a854b9aa7ab905d0","payload":{"player_id":"bot_e411615c"}}
{"id":"match_a854b9aa7ab905d0_e18","type":"hit","timestamp":"2026-05-25T06:37:26.940937Z","match_id":"match_a854b9aa7ab905d0","payload":{"attacker":"player_iron_vex_mpku3hp9","damage":15,"target":"bot_e411615c","target_hp":7}}
{"id":"match_a854b9aa7ab905d0_e19","type":"critical_hit","timestamp":"2026-05-25T06:37:26.940938Z","match_id":"match_a854b9aa7ab905d0","payload":{"attacker":"bot_e411615c","damage":10,"target":"player_iron_vex_mpku3hp9","target_hp":14}}
{"id":"match_a854b9aa7ab905d0_e20","type":"critical_hit","timestamp":"2026-05-25T06:37:27.277744Z","match_id":"match_a854b9aa7ab905d0","payload":{"attacker":"bot_e411615c","damage":28,"target":"player_iron_vex_mpku3hp9","target_hp":0}}
{"id":"match_a854b9aa7ab905d0_e21","type":"match_end","timestamp":"2026-05-25T06:37:27.277746Z","match_id":"match_a854b9aa7ab905d0","payload":{"loser":"player_iron_vex_mpku3hp9","winner":"bot_e411615c"}}
{"id":"match_e2a15669c134990b_e1","type":"hit","timestamp":"2026-05-25T06:37:32.10385Z","match_id":"match_e2a15669c134990b","payload":{"attacker":"bot_6edb65d3","damage":11,"target":"player_iron_vex_mpku3o1t","target_hp":89}}
{"id":"match_e2a15669c134990b_e2","type":"hit","timestamp":"2026-05-25T06:37:32.354925Z","match_id":"match_e2a15669c134990b","payload":{"attacker":"bot_6edb65d3","damage":6,"target":"player_iron_vex_mpku3o1t","target_hp":83}}
{"id":"match_e2a15669c134990b_e3","type":"critical_hit","timestamp":"2026-05-25T06:37:32.676402Z","match_id":"match_e2a15669c134990b","payload":{"attacker":"player_iron_vex_mpku3o1t","damage":28,"target":"bot_6edb65d3","target_hp":72}}
{"id":"match_e2a15669c134990b_e4","type":"dodge","timestamp":"2026-05-25T06:37:32.676407Z","match_id":"match_e2a15669c134990b","payload":{"player_id":"bot_6edb65d3"}}
{"id":"match_e2a15669c134990b_e5","type":"hit","timestamp":"2026-05-25T06:37:32.927083Z","match_id":"match_e2a15669c134990b","payload":{"attacker":"bot_6edb65d3","damage":5,"target":"player_iron_vex_mpku3o1t","target_hp":78}}
{"id":"match_e2a15669c134990b_e6","type":"critical_hit","timestamp":"2026-05-25T06:37:33.177513Z","match_id":"match_e2a15669c134990b","payload":{"attacker":"bot_6edb65d3","damage":24,"target":"player_iron_vex_mpku3o1t","target_hp":54}}
{"id":"match_e2a15669c134990b_e7","type":"critical_hit","timestamp":"2026-05-25T06:37:33.239392Z","match_id":"match_e2a15669c134990b","payload":{"attacker":"player_iron_vex_mpku3o1t","damage":18,"target":"bot_6edb65d3","target_hp":54}}
{"id":"match_e2a15669c134990b_e8","type":"hit","timestamp":"2026-05-25T06:37:33.239394Z","match_id":"match_e2a15669c134990b","payload":{"attacker":"bot_6edb65d3","damage":11,"target":"player_iron_vex_mpku3o1t","target_hp":43}}
{"id":"match_e2a15669c134990b_e9","type":"powerup_spawn","timestamp":"2026-05-25T06:37:33.754914Z","match_id":"match_e2a15669c134990b","payload":{"player_id":"bot_6edb65d3"}}
{"id":"match_e2a15669c134990b_e10","type":"hit","timestamp":"2026-05-25T06:37:33.835516Z","match_id":"match_e2a15669c134990b","payload":{"attacker":"player_iron_vex_mpku3o1t","damage":6,"target":"bot_6edb65d3","target_hp":48}}
{"id":"match_e2a15669c134990b_e11","type":"critical_hit","timestamp":"2026-05-25T06:37:33.835518Z","match_id":"match_e2a15669c134990b","payload":{"attacker":"bot_6edb65d3","damage":14,"target":"player_iron_vex_mpku3o1t","target_hp":29}}
{"id":"match_e2a15669c134990b_e12","type":"hit","timestamp":"2026-05-25T06:37:34.103431Z","match_id":"match_e2a15669c134990b","payload":{"attacker":"bot_6edb65d3","damage":12,"target":"player_iron_vex_mpku3o1t","target_hp":17}}
{"id":"match_e2a15669c134990b_e13","type":"dodge","timestamp":"2026-05-25T06:37:34.35448Z","match_id":"match_e2a15669c134990b","payload":{"player_id":"bot_6edb65d3"}}
{"id":"match_e2a15669c134990b_e14","type":"powerup_spawn","timestamp":"2026-05-25T06:37:34.511258Z","match_id":"match_e2a15669c134990b","payload":{"player_id":"player_iron_vex_mpku3o1t"}}
{"id":"match_e2a15669c134990b_e15","type":"dodge","timestamp":"2026-05-25T06:37:34.511262Z","match_id":"match_e2a15669c134990b","payload":{"player_id":"bot_6edb65d3"}}
{"id":"match_e2a15669c134990b_e16","type":"dodge","timestamp":"2026-05-25T06:37:35.013159Z","match_id":"match_e2a15669c134990b","payload":{"player_id":"bot_6edb65d3"}}
{"id":"match_e2a15669c134990b_e17","type":"critical_hit","timestamp":"2026-05-25T06:37:35.170021Z","match_id":"match_e2a15669c134990b","payload":{"attacker":"bot_6edb65d3","damage":14,"target":"player_iron_vex_mpku3o1t","target_hp":3}}
{"id":"match_e2a15669c134990b_e18","type":"hit","timestamp":"2026-05-25T06:37:35.42026Z","match_id":"match_e2a15669c134990b","payload":{"attacker":"bot_6edb65d3","damage":13,"target":"player_iron_vex_mpku3o1t","target_hp":0}}
{"id":"match_e2a15669c134990b_e19","type":"match_end","timestamp":"2026-05-25T06:37:35.420261Z","match_id":"match_e2a15669c134990b","payload":{"loser":"player_iron_vex_mpku3o1t","winner":"bot_6edb65d3"}}
{"id":"match_5909869c1ffeb8f4_e1","type":"critical_hit","timestamp":"2026-05-25T06:37:42.926843Z","match_id":"match_5909869c1ffeb8f4","payload":{"attacker":"player_iron_vex_mpku3wik","damage":28,"target":"bot_468b304d","target_hp":72}}
{"id":"match_5909869c1ffeb8f4_e2","type":"hit","timestamp":"2026-05-25T06:37:43.274855Z","match_id":"match_5909869c1ffeb8f4","payload":{"attacker":"bot_468b304d","damage":5,"target":"player_iron_vex_mpku3wik","target_hp":95}}
{"id":"match_5909869c1ffeb8f4_e3","type":"hit","timestamp":"2026-05-25T06:37:43.48633Z","match_id":"match_5909869c1ffeb8f4","payload":{"attacker":"player_iron_vex_mpku3wik","damage":5,"target":"bot_468b304d","target_hp":67}}
{"id":"match_5909869c1ffeb8f4_e4","type":"dodge","timestamp":"2026-05-25T06:37:43.737386Z","match_id":"match_5909869c1ffeb8f4","payload":{"player_id":"bot_468b304d"}}
{"id":"match_5909869c1ffeb8f4_e5","type":"hit","timestamp":"2026-05-25T06:37:43.988454Z","match_id":"match_5909869c1ffeb8f4","payload":{"attacker":"bot_468b304d","damage":9,"target":"player_iron_vex_mpku3wik","target_hp":86}}
{"id":"match_5909869c1ffeb8f4_e6","type":"hit","timestamp":"2026-05-25T06:37:44.110692Z","match_id":"match_5909869c1ffeb8f4","payload":{"attacker":"player_iron_vex_mpku3wik","damage":14,"target":"bot_468b304d","target_hp":53}}
{"id":"match_5909869c1ffeb8f4_e7","type":"dodge","timestamp":"2026-05-25T06:37:44.110696Z","match_id":"match_5909869c1ffeb8f4","payload":{"player_id":"bot_468b304d"}}
{"id":"match_5909869c1ffeb8f4_e8","type":"hit","timestamp":"2026-05-25T06:37:44.612881Z","match_id":"match_5909869c1ffeb8f4","payload":{"attacker":"bot_468b304d","damage":10,"target":"player_iron_vex_mpku3wik","target_hp":76}}
{"id":"match_5909869c1ffeb8f4_e9","type":"hit","timestamp":"2026-05-25T06:37:44.653705Z","match_id":"match_5909869c1ffeb8f4","payload":{"attacker":"player_iron_vex_mpku3wik","damage":12,"target":"bot_468b304d","target_hp":41}}
{"id":"match_5909869c1ffeb8f4_e10","type":"powerup_spawn","timestamp":"2026-05-25T06:37:44.904777Z","match_id":"match_5909869c1ffeb8f4","payload":{"player_id":"bot_468b304d"}}
{"id":"match_5909869c1ffeb8f4_e11","type":"hit","timestamp":"2026-05-25T06:37:45.155607Z","match_id":"match_5909869c1ffeb8f4","payload":{"attacker":"bot_468b304d","damage":13,"target":"player_iron_vex_mpku3wik","target_hp":63}}
{"id":"match_5909869c1ffeb8f4_e12","type":"critical_hit","timestamp":"2026-05-25T06:37:45.16086Z","match_id":"match_5909869c1ffeb8f4","payload":{"attacker":"player_iron_vex_mpku3wik","damage":16,"target":"bot_468b304d","target_hp":25}}
{"id":"match_5909869c1ffeb8f4_e13","type":"hit","timestamp":"2026-05-25T06:37:45.160861Z","match_id":"match_5909869c1ffeb8f4","payload":{"attacker":"bot_468b304d","damage":9,"target":"player_iron_vex_mpku3wik","target_hp":54}}
{"id":"match_5909869c1ffeb8f4_e14","type":"hit","timestamp":"2026-05-25T06:37:45.474878Z","match_id":"match_5909869c1ffeb8f4","payload":{"attacker":"bot_468b304d","damage":12,"target":"player_iron_vex_mpku3wik","target_hp":42}}
{"id":"match_5909869c1ffeb8f4_e15","type":"hit","timestamp":"2026-05-25T06:37:45.725935Z","match_id":"match_5909869c1ffeb8f4","payload":{"attacker":"bot_468b304d","damage":12,"target":"player_iron_vex_mpku3wik","target_hp":30}}
{"id":"match_5909869c1ffeb8f4_e16","type":"critical_hit","timestamp":"2026-05-25T06:37:45.804638Z","match_id":"match_5909869c1ffeb8f4","payload":{"attacker":"player_iron_vex_mpku3wik","damage":16,"target":"bot_468b304d","target_hp":9}}
{"id":"match_5909869c1ffeb8f4_e17","type":"dodge","timestamp":"2026-05-25T06:37:45.80464Z","match_id":"match_5909869c1ffeb8f4","payload":{"player_id":"bot_468b304d"}}
{"id":"match_5909869c1ffeb8f4_e18","type":"hit","timestamp":"2026-05-25T06:37:46.325928Z","match_id":"match_5909869c1ffeb8f4","payload":{"attacker":"bot_468b304d","damage":10,"target":"player_iron_vex_mpku3wik","target_hp":20}}
{"id":"match_5909869c1ffeb8f4_e19","type":"hit","timestamp":"2026-05-25T06:37:46.354145Z","match_id":"match_5909869c1ffeb8f4","payload":{"attacker":"player_iron_vex_mpku3wik","damage":11,"target":"bot_468b304d","target_hp":0}}
{"id":"match_5909869c1ffeb8f4_e20","type":"match_end","timestamp":"2026-05-25T06:37:46.354147Z","match_id":"match_5909869c1ffeb8f4","payload":{"loser":"bot_468b304d","winner":"player_iron_vex_mpku3wik"}}
{"id":"match_e139ed676c206f99_e1","type":"dodge","timestamp":"2026-05-25T06:38:01.826047Z","match_id":"match_e139ed676c206f99","payload":{"player_id":"player_iron_vex_mpku4b0r"}}
{"id":"match_e139ed676c206f99_e2","type":"hit","timestamp":"2026-05-25T06:38:02.076694Z","match_id":"match_e139ed676c206f99","payload":{"attacker":"bot_376814b2","damage":6,"target":"player_iron_vex_mpku4b0r","target_hp":94}}
{"id":"match_e139ed676c206f99_e3","type":"powerup_spawn","timestamp":"2026-05-25T06:38:02.327747Z","match_id":"match_e139ed676c206f99","payload":{"player_id":"bot_376814b2"}}
{"id":"match_e139ed676c206f99_e4","type":"dodge","timestamp":"2026-05-25T06:38:02.506659Z","match_id":"match_e139ed676c206f99","payload":{"player_id":"player_iron_vex_mpku4b0r"}}
{"id":"match_e139ed676c206f99_e5","type":"critical_hit","timestamp":"2026-05-25T06:38:02.757736Z","match_id":"match_e139ed676c206f99","payload":{"attacker":"bot_376814b2","damage":14,"target":"player_iron_vex_mpku4b0r","target_hp":80}}
{"id":"match_e139ed676c206f99_e6","type":"hit","timestamp":"2026-05-25T06:38:03.008855Z","match_id":"match_e139ed676c206f99","payload":{"attacker":"bot_376814b2","damage":14,"target":"player_iron_vex_mpku4b0r","target_hp":66}}
{"id":"match_e139ed676c206f99_e7","type":"dodge","timestamp":"2026-05-25T06:38:03.035143Z","match_id":"match_e139ed676c206f99","payload":{"player_id":"player_iron_vex_mpku4b0r"}}
{"id":"match_e139ed676c206f99_e8","type":"hit","timestamp":"2026-05-25T06:38:03.286285Z","match_id":"match_e139ed676c206f99","payload":{"attacker":"bot_376814b2","damage":6,"target":"player_iron_vex_mpku4b0r","target_hp":60}}
{"id":"match_e139ed676c206f99_e9","type":"hit","timestamp":"2026-05-25T06:38:03.537415Z","match_id":"match_e139ed676c206f99","payload":{"attacker":"bot_376814b2","damage":6,"target":"player_iron_vex_mpku4b0r","target_hp":54}}
{"id":"match_e139ed676c206f99_e10","type":"hit","timestamp":"2026-05-25T06:38:03.547386Z","match_id":"match_e139ed676c206f99","payload":{"attacker":"player_iron_vex_mpku4b0r","damage":11,"target":"bot_376814b2","target_hp":89}}
{"id":"match_e139ed676c206f99_e11","type":"dodge","timestamp":"2026-05-25T06:38:03.547388Z","match_id":"match_e139ed676c206f99","payload":{"player_id":"bot_376814b2"}}
{"id":"match_e139ed676c206f99_e12","type":"critical_hit","timestamp":"2026-05-25T06:38:03.874693Z","match_id":"match_e139ed676c206f99","payload":{"attacker":"bot_376814b2","damage":30,"target":"player_iron_vex_mpku4b0r","target_hp":24}}
{"id":"match_e139ed676c206f99_e13","type":"dodge","timestamp":"2026-05-25T06:38:04.125776Z","match_id":"match_e139ed676c206f99","payload":{"player_id":"bot_376814b2"}}
{"id":"match_e139ed676c206f99_e14","type":"dodge","timestamp":"2026-05-25T06:38:04.195856Z","match_id":"match_e139ed676c206f99","payload":{"player_id":"player_iron_vex_mpku4b0r"}}
{"id":"match_e139ed676c206f99_e15","type":"critical_hit","timestamp":"2026-05-25T06:38:04.474719Z","match_id":"match_e139ed676c206f99","payload":{"attacker":"bot_376814b2","damage":20,"target":"player_iron_vex_mpku4b0r","target_hp":4}}
{"id":"match_e139ed676c206f99_e16","type":"dodge","timestamp":"2026-05-25T06:38:04.704945Z","match_id":"match_e139ed676c206f99","payload":{"player_id":"player_iron_vex_mpku4b0r"}}
{"id":"match_e139ed676c206f99_e17","type":"powerup_spawn","timestamp":"2026-05-25T06:38:04.704951Z","match_id":"match_e139ed676c206f99","payload":{"player_id":"bot_376814b2"}}
{"id":"match_e139ed676c206f99_e18","type":"hit","timestamp":"2026-05-25T06:38:04.955675Z","match_id":"match_e139ed676c206f99","payload":{"attacker":"bot_376814b2","damage":5,"target":"player_iron_vex_mpku4b0r","target_hp":0}}
{"id":"match_e139ed676c206f99_e19","type":"match_end","timestamp":"2026-05-25T06:38:04.955677Z","match_id":"match_e139ed676c206f99","payload":{"loser":"player_iron_vex_mpku4b0r","winner":"bot_376814b2"}}
